{"C:\\fdu\\csci3444\\projects\\exam_section_2\\src\\common\\util\\math\\myCube.js":{"path":"C:\\fdu\\csci3444\\projects\\exam_section_2\\src\\common\\util\\math\\myCube.js","s":{"1":1,"2":6,"3":6,"4":4,"5":2,"6":6,"7":6},"b":{"1":[4,2]},"f":{"1":6},"fnMap":{"1":{"name":"(anonymous_1)","line":3,"loc":{"start":{"line":3,"column":12},"end":{"line":3,"column":26}}}},"statementMap":{"1":{"start":{"line":1,"column":0},"end":{"line":15,"column":1}},"2":{"start":{"line":4,"column":8},"end":{"line":5,"column":22}},"3":{"start":{"line":7,"column":8},"end":{"line":11,"column":9}},"4":{"start":{"line":8,"column":12},"end":{"line":8,"column":23}},"5":{"start":{"line":10,"column":12},"end":{"line":10,"column":31}},"6":{"start":{"line":12,"column":8},"end":{"line":12,"column":34}},"7":{"start":{"line":13,"column":8},"end":{"line":13,"column":20}}},"branchMap":{"1":{"line":7,"type":"if","locations":[{"start":{"line":7,"column":8},"end":{"line":7,"column":8}},{"start":{"line":7,"column":8},"end":{"line":7,"column":8}}]}}},"C:\\fdu\\csci3444\\projects\\exam_section_2\\src\\common\\util\\math\\myPowers.js":{"path":"C:\\fdu\\csci3444\\projects\\exam_section_2\\src\\common\\util\\math\\myPowers.js","s":{"1":1,"2":1,"3":1,"4":3,"5":3},"b":{},"f":{"1":3,"2":3},"fnMap":{"1":{"name":"(anonymous_1)","line":5,"loc":{"start":{"line":5,"column":12},"end":{"line":5,"column":26}}},"2":{"name":"(anonymous_2)","line":10,"loc":{"start":{"line":10,"column":11},"end":{"line":10,"column":25}}}},"statementMap":{"1":{"start":{"line":1,"column":0},"end":{"line":1,"column":35}},"2":{"start":{"line":2,"column":0},"end":{"line":2,"column":31}},"3":{"start":{"line":4,"column":0},"end":{"line":13,"column":1}},"4":{"start":{"line":6,"column":8},"end":{"line":6,"column":36}},"5":{"start":{"line":11,"column":8},"end":{"line":11,"column":32}}},"branchMap":{}},"C:\\fdu\\csci3444\\projects\\exam_section_2\\src\\common\\util\\math\\mySquare.js":{"path":"C:\\fdu\\csci3444\\projects\\exam_section_2\\src\\common\\util\\math\\mySquare.js","s":{"1":1,"2":6,"3":6,"4":4,"5":2,"6":6,"7":6},"b":{"1":[4,2]},"f":{"1":6},"fnMap":{"1":{"name":"(anonymous_1)","line":3,"loc":{"start":{"line":3,"column":14},"end":{"line":3,"column":28}}}},"statementMap":{"1":{"start":{"line":1,"column":0},"end":{"line":15,"column":1}},"2":{"start":{"line":4,"column":8},"end":{"line":5,"column":22}},"3":{"start":{"line":7,"column":8},"end":{"line":11,"column":9}},"4":{"start":{"line":8,"column":12},"end":{"line":8,"column":23}},"5":{"start":{"line":10,"column":12},"end":{"line":10,"column":31}},"6":{"start":{"line":12,"column":8},"end":{"line":12,"column":27}},"7":{"start":{"line":13,"column":8},"end":{"line":13,"column":20}}},"branchMap":{"1":{"line":7,"type":"if","locations":[{"start":{"line":7,"column":8},"end":{"line":7,"column":8}},{"start":{"line":7,"column":8},"end":{"line":7,"column":8}}]}}}}