TN:
SF:C:\fdu\csci3444\projects\exam_section_2\src\common\util\math\myCube.js
FN:3,(anonymous_1)
FNF:1
FNH:1
FNDA:6,(anonymous_1)
DA:1,1
DA:4,6
DA:7,6
DA:8,4
DA:10,2
DA:12,6
DA:13,6
LF:7
LH:7
BRDA:7,1,0,4
BRDA:7,1,1,2
BRF:2
BRH:2
end_of_record
TN:
SF:C:\fdu\csci3444\projects\exam_section_2\src\common\util\math\myPowers.js
FN:5,(anonymous_1)
FN:10,(anonymous_2)
FNF:2
FNH:2
FNDA:3,(anonymous_1)
FNDA:3,(anonymous_2)
DA:1,1
DA:2,1
DA:4,1
DA:6,3
DA:11,3
LF:5
LH:5
BRF:0
BRH:0
end_of_record
TN:
SF:C:\fdu\csci3444\projects\exam_section_2\src\common\util\math\mySquare.js
FN:3,(anonymous_1)
FNF:1
FNH:1
FNDA:6,(anonymous_1)
DA:1,1
DA:4,6
DA:7,6
DA:8,4
DA:10,2
DA:12,6
DA:13,6
LF:7
LH:7
BRDA:7,1,0,4
BRDA:7,1,1,2
BRF:2
BRH:2
end_of_record
